This is pdfTeX, Version 3.14159265-2.6-1.40.19 (TeX Live 2018) (preloaded format=pdflatex 2018.6.19)  19 JAN 2023 01:23
entering extended mode
 restricted \write18 enabled.
 file:line:error style messages enabled.
 %&-line parsing enabled.
**teaching.md
(./teaching.md
LaTeX2e <2018-04-01> patch level 2
Babel <3.18> and hyphenation patterns for 84 language(s) loaded.

./teaching.md:1: LaTeX Error: Missing \begin{document}.

See the LaTeX manual or LaTeX Companion for explanation.
Type  H <return>  for immediate help.
 ...                                              
                                                  
l.1 -
     --
? 
./teaching.md:1: Emergency stop.
 ...                                              
                                                  
l.1 -
     --
You're in trouble here.  Try typing  <return>  to proceed.
If that doesn't work, type  X <return>  to quit.

 
Here is how much of TeX's memory you used:
 7 strings out of 492649
 265 string characters out of 6129622
 56655 words of memory out of 5000000
 3988 multiletter control sequences out of 15000+600000
 3640 words of font info for 14 fonts, out of 8000000 for 9000
 1141 hyphenation exceptions out of 8191
 5i,0n,4p,17b,14s stack positions out of 5000i,500n,10000p,200000b,80000s
./teaching.md:1:  ==> Fatal error occurred, no output PDF file produced!
